<?xml version="1.0" encoding="UTF-8"?>
<testsuite name="com.dmdev.springboot.lesson.repository.EmployeeRepositoryTest" tests="1" skipped="0" failures="0" errors="0" timestamp="2022-02-22T04:30:44" hostname="DESKTOP-SEBUH8O" time="0.304">
  <properties/>
  <testcase name="testFindByFirstName()" classname="com.dmdev.springboot.lesson.repository.EmployeeRepositoryTest" time="0.304"/>
  <system-out><![CDATA[10:30:41.211 [Test worker] DEBUG org.springframework.test.context.BootstrapUtils - Instantiating CacheAwareContextLoaderDelegate from class [org.springframework.test.context.cache.DefaultCacheAwareContextLoaderDelegate]
10:30:41.223 [Test worker] DEBUG org.springframework.test.context.BootstrapUtils - Instantiating BootstrapContext using constructor [public org.springframework.test.context.support.DefaultBootstrapContext(java.lang.Class,org.springframework.test.context.CacheAwareContextLoaderDelegate)]
10:30:41.250 [Test worker] DEBUG org.springframework.test.context.BootstrapUtils - Instantiating TestContextBootstrapper for test class [com.dmdev.springboot.lesson.repository.EmployeeRepositoryTest] from class [org.springframework.boot.test.context.SpringBootTestContextBootstrapper]
10:30:41.265 [Test worker] INFO org.springframework.boot.test.context.SpringBootTestContextBootstrapper - Neither @ContextConfiguration nor @ContextHierarchy found for test class [com.dmdev.springboot.lesson.repository.EmployeeRepositoryTest], using SpringBootContextLoader
10:30:41.269 [Test worker] DEBUG org.springframework.test.context.support.AbstractContextLoader - Did not detect default resource location for test class [com.dmdev.springboot.lesson.repository.EmployeeRepositoryTest]: class path resource [com/dmdev/springboot/lesson/repository/EmployeeRepositoryTest-context.xml] does not exist
10:30:41.272 [Test worker] DEBUG org.springframework.test.context.support.AbstractContextLoader - Did not detect default resource location for test class [com.dmdev.springboot.lesson.repository.EmployeeRepositoryTest]: class path resource [com/dmdev/springboot/lesson/repository/EmployeeRepositoryTestContext.groovy] does not exist
10:30:41.273 [Test worker] INFO org.springframework.test.context.support.AbstractContextLoader - Could not detect default resource locations for test class [com.dmdev.springboot.lesson.repository.EmployeeRepositoryTest]: no resource found for suffixes {-context.xml, Context.groovy}.
10:30:41.274 [Test worker] INFO org.springframework.test.context.support.AnnotationConfigContextLoaderUtils - Could not detect default configuration classes for test class [com.dmdev.springboot.lesson.repository.EmployeeRepositoryTest]: EmployeeRepositoryTest does not declare any static, non-private, non-final, nested classes annotated with @Configuration.
10:30:41.383 [Test worker] DEBUG org.springframework.context.annotation.ClassPathScanningCandidateComponentProvider - Identified candidate component class: file [D:\JavaSpringProjects\spring-boot-lesson\build\classes\java\main\com\dmdev\springboot\lesson\SpringBootLessonApplication.class]
10:30:41.384 [Test worker] INFO org.springframework.boot.test.context.SpringBootTestContextBootstrapper - Found @SpringBootConfiguration com.dmdev.springboot.lesson.SpringBootLessonApplication for test class com.dmdev.springboot.lesson.repository.EmployeeRepositoryTest
10:30:41.472 [Test worker] DEBUG org.springframework.boot.test.context.SpringBootTestContextBootstrapper - @TestExecutionListeners is not present for class [com.dmdev.springboot.lesson.repository.EmployeeRepositoryTest]: using defaults.
10:30:41.474 [Test worker] INFO org.springframework.boot.test.context.SpringBootTestContextBootstrapper - Loaded default TestExecutionListener class names from location [META-INF/spring.factories]: [org.springframework.boot.test.autoconfigure.restdocs.RestDocsTestExecutionListener, org.springframework.boot.test.autoconfigure.web.client.MockRestServiceServerResetTestExecutionListener, org.springframework.boot.test.autoconfigure.web.servlet.MockMvcPrintOnlyOnFailureTestExecutionListener, org.springframework.boot.test.autoconfigure.web.servlet.WebDriverTestExecutionListener, org.springframework.boot.test.autoconfigure.webservices.client.MockWebServiceServerTestExecutionListener, org.springframework.boot.test.mock.mockito.MockitoTestExecutionListener, org.springframework.boot.test.mock.mockito.ResetMocksTestExecutionListener, org.springframework.test.context.web.ServletTestExecutionListener, org.springframework.test.context.support.DirtiesContextBeforeModesTestExecutionListener, org.springframework.test.context.support.DependencyInjectionTestExecutionListener, org.springframework.test.context.support.DirtiesContextTestExecutionListener, org.springframework.test.context.transaction.TransactionalTestExecutionListener, org.springframework.test.context.jdbc.SqlScriptsTestExecutionListener, org.springframework.test.context.event.EventPublishingTestExecutionListener]
10:30:41.483 [Test worker] DEBUG org.springframework.boot.test.context.SpringBootTestContextBootstrapper - Skipping candidate TestExecutionListener [org.springframework.test.context.web.ServletTestExecutionListener] due to a missing dependency. Specify custom listener classes or make the default listener classes and their required dependencies available. Offending class: [javax/servlet/ServletContext]
10:30:41.490 [Test worker] INFO org.springframework.boot.test.context.SpringBootTestContextBootstrapper - Using TestExecutionListeners: [org.springframework.test.context.support.DirtiesContextBeforeModesTestExecutionListener@6ff346a, org.springframework.boot.test.mock.mockito.MockitoTestExecutionListener@15b0a674, org.springframework.boot.test.autoconfigure.SpringBootDependencyInjectionTestExecutionListener@5d5f87ba, org.springframework.test.context.support.DirtiesContextTestExecutionListener@2b4ea62d, org.springframework.test.context.transaction.TransactionalTestExecutionListener@54ed8b4a, org.springframework.test.context.jdbc.SqlScriptsTestExecutionListener@447e04a5, org.springframework.test.context.event.EventPublishingTestExecutionListener@653d39c7, org.springframework.boot.test.autoconfigure.restdocs.RestDocsTestExecutionListener@3b9c8483, org.springframework.boot.test.autoconfigure.web.client.MockRestServiceServerResetTestExecutionListener@313ff61, org.springframework.boot.test.autoconfigure.web.servlet.MockMvcPrintOnlyOnFailureTestExecutionListener@37fc988a, org.springframework.boot.test.autoconfigure.web.servlet.WebDriverTestExecutionListener@3b836cb3, org.springframework.boot.test.autoconfigure.webservices.client.MockWebServiceServerTestExecutionListener@64645fdc, org.springframework.boot.test.mock.mockito.ResetMocksTestExecutionListener@78905cc6]
10:30:41.495 [Test worker] DEBUG org.springframework.test.context.support.AbstractDirtiesContextTestExecutionListener - Before test class: context [DefaultTestContext@8ed480 testClass = EmployeeRepositoryTest, testInstance = [null], testMethod = [null], testException = [null], mergedContextConfiguration = [MergedContextConfiguration@4c442259 testClass = EmployeeRepositoryTest, locations = '{}', classes = '{class com.dmdev.springboot.lesson.SpringBootLessonApplication}', contextInitializerClasses = '[]', activeProfiles = '{test}', propertySourceLocations = '{}', propertySourceProperties = '{org.springframework.boot.test.context.SpringBootTestContextBootstrapper=true}', contextCustomizers = set[org.springframework.boot.test.autoconfigure.properties.PropertyMappingContextCustomizer@0, org.springframework.boot.test.autoconfigure.web.servlet.WebDriverContextCustomizerFactory$Customizer@6e7ecf23, org.springframework.boot.test.context.filter.ExcludeFilterContextCustomizer@79b95ee6, org.springframework.boot.test.json.DuplicateJsonObjectContextCustomizerFactory$DuplicateJsonObjectContextCustomizer@b9d8fef, org.springframework.boot.test.mock.mockito.MockitoContextCustomizer@0, org.springframework.boot.test.web.client.TestRestTemplateContextCustomizer@68c3b180, org.springframework.boot.test.context.SpringBootTestArgs@1], contextLoader = 'org.springframework.boot.test.context.SpringBootContextLoader', parent = [null]], attributes = map[[empty]]], class annotated with @DirtiesContext [false] with mode [null].
10:30:41.505 [Test worker] DEBUG org.springframework.test.context.support.DependencyInjectionTestExecutionListener - Performing dependency injection for test context [[DefaultTestContext@8ed480 testClass = EmployeeRepositoryTest, testInstance = com.dmdev.springboot.lesson.repository.EmployeeRepositoryTest@407f5c8c, testMethod = [null], testException = [null], mergedContextConfiguration = [MergedContextConfiguration@4c442259 testClass = EmployeeRepositoryTest, locations = '{}', classes = '{class com.dmdev.springboot.lesson.SpringBootLessonApplication}', contextInitializerClasses = '[]', activeProfiles = '{test}', propertySourceLocations = '{}', propertySourceProperties = '{org.springframework.boot.test.context.SpringBootTestContextBootstrapper=true}', contextCustomizers = set[org.springframework.boot.test.autoconfigure.properties.PropertyMappingContextCustomizer@0, org.springframework.boot.test.autoconfigure.web.servlet.WebDriverContextCustomizerFactory$Customizer@6e7ecf23, org.springframework.boot.test.context.filter.ExcludeFilterContextCustomizer@79b95ee6, org.springframework.boot.test.json.DuplicateJsonObjectContextCustomizerFactory$DuplicateJsonObjectContextCustomizer@b9d8fef, org.springframework.boot.test.mock.mockito.MockitoContextCustomizer@0, org.springframework.boot.test.web.client.TestRestTemplateContextCustomizer@68c3b180, org.springframework.boot.test.context.SpringBootTestArgs@1], contextLoader = 'org.springframework.boot.test.context.SpringBootContextLoader', parent = [null]], attributes = map[[empty]]]].
10:30:41.524 [Test worker] DEBUG org.springframework.core.env.StandardEnvironment - Activating profiles [test]
10:30:41.528 [Test worker] DEBUG org.springframework.test.context.support.TestPropertySourceUtils - Adding inlined properties to environment: {spring.jmx.enabled=false, org.springframework.boot.test.context.SpringBootTestContextBootstrapper=true}

  .   ____          _            __ _ _
 /\\ / ___'_ __ _ _(_)_ __  __ _ \ \ \ \
( ( )\___ | '_ | '_| | '_ \/ _` | \ \ \ \
 \\/  ___)| |_)| | | | | || (_| |  ) ) ) )
  '  |____| .__|_| |_|_| |_\__, | / / / /
 =========|_|==============|___/=/_/_/_/
 :: Spring Boot ::        (v2.3.0.RELEASE)

2022-02-22 10:30:41.781  INFO 9048 --- [    Test worker] c.d.s.l.r.EmployeeRepositoryTest         : Starting EmployeeRepositoryTest on DESKTOP-SEBUH8O with PID 9048 (started by Anton in D:\JavaSpringProjects\spring-boot-lesson)
2022-02-22 10:30:41.782  INFO 9048 --- [    Test worker] c.d.s.l.r.EmployeeRepositoryTest         : The following profiles are active: test
2022-02-22 10:30:42.234  INFO 9048 --- [    Test worker] .s.d.r.c.RepositoryConfigurationDelegate : Bootstrapping Spring Data JPA repositories in DEFERRED mode.
2022-02-22 10:30:42.314  INFO 9048 --- [    Test worker] .s.d.r.c.RepositoryConfigurationDelegate : Finished Spring Data repository scanning in 67ms. Found 2 JPA repository interfaces.
2022-02-22 10:30:42.793  INFO 9048 --- [    Test worker] o.s.s.concurrent.ThreadPoolTaskExecutor  : Initializing ExecutorService 'applicationTaskExecutor'
2022-02-22 10:30:42.804  INFO 9048 --- [    Test worker] com.zaxxer.hikari.HikariDataSource       : HikariPool-1 - Starting...
2022-02-22 10:30:43.002  INFO 9048 --- [    Test worker] com.zaxxer.hikari.HikariDataSource       : HikariPool-1 - Start completed.
2022-02-22 10:30:43.073  INFO 9048 --- [         task-1] o.hibernate.jpa.internal.util.LogHelper  : HHH000204: Processing PersistenceUnitInfo [name: default]
2022-02-22 10:30:43.079  WARN 9048 --- [    Test worker] c.d.s.l.config.ApplicationConfiguration  : app is loaded!!!
2022-02-22 10:30:43.148  INFO 9048 --- [         task-1] org.hibernate.Version                    : HHH000412: Hibernate ORM core version 5.4.15.Final
2022-02-22 10:30:43.279  INFO 9048 --- [    Test worker] DeferredRepositoryInitializationListener : Triggering deferred initialization of Spring Data repositories…
2022-02-22 10:30:43.449  INFO 9048 --- [         task-1] o.hibernate.annotations.common.Version   : HCANN000001: Hibernate Commons Annotations {5.1.0.Final}
2022-02-22 10:30:43.628  INFO 9048 --- [         task-1] org.hibernate.dialect.Dialect            : HHH000400: Using dialect: org.hibernate.dialect.PostgreSQL10Dialect
2022-02-22 10:30:44.246  INFO 9048 --- [         task-1] o.h.e.t.j.p.i.JtaPlatformInitiator       : HHH000490: Using JtaPlatform implementation: [org.hibernate.engine.transaction.jta.platform.internal.NoJtaPlatform]
2022-02-22 10:30:44.255  INFO 9048 --- [         task-1] j.LocalContainerEntityManagerFactoryBean : Initialized JPA EntityManagerFactory for persistence unit 'default'
2022-02-22 10:30:44.542  INFO 9048 --- [    Test worker] DeferredRepositoryInitializationListener : Spring Data repositories initialized!
2022-02-22 10:30:44.548  INFO 9048 --- [    Test worker] c.d.s.l.r.EmployeeRepositoryTest         : Started EmployeeRepositoryTest in 3.018 seconds (JVM running for 4.136)
2022-02-22 10:30:44.567  INFO 9048 --- [    Test worker] o.s.t.c.transaction.TransactionContext   : Began transaction (1) for test context [DefaultTestContext@8ed480 testClass = EmployeeRepositoryTest, testInstance = com.dmdev.springboot.lesson.repository.EmployeeRepositoryTest@407f5c8c, testMethod = testFindByFirstName@EmployeeRepositoryTest, testException = [null], mergedContextConfiguration = [MergedContextConfiguration@4c442259 testClass = EmployeeRepositoryTest, locations = '{}', classes = '{class com.dmdev.springboot.lesson.SpringBootLessonApplication}', contextInitializerClasses = '[]', activeProfiles = '{test}', propertySourceLocations = '{}', propertySourceProperties = '{org.springframework.boot.test.context.SpringBootTestContextBootstrapper=true}', contextCustomizers = set[org.springframework.boot.test.autoconfigure.properties.PropertyMappingContextCustomizer@0, org.springframework.boot.test.autoconfigure.web.servlet.WebDriverContextCustomizerFactory$Customizer@6e7ecf23, org.springframework.boot.test.context.filter.ExcludeFilterContextCustomizer@79b95ee6, org.springframework.boot.test.json.DuplicateJsonObjectContextCustomizerFactory$DuplicateJsonObjectContextCustomizer@b9d8fef, org.springframework.boot.test.mock.mockito.MockitoContextCustomizer@0, org.springframework.boot.test.web.client.TestRestTemplateContextCustomizer@68c3b180, org.springframework.boot.test.context.SpringBootTestArgs@1], contextLoader = 'org.springframework.boot.test.context.SpringBootContextLoader', parent = [null]], attributes = map[[empty]]]; transaction manager [org.springframework.orm.jpa.JpaTransactionManager@4e272c3c]; rollback [true]
Hibernate: 
    select
        employeeen0_.id as id1_1_,
        employeeen0_.birth_day as birth_da2_1_,
        employeeen0_.company_id as company_5_1_,
        employeeen0_.first_name as first_na3_1_,
        employeeen0_.last_name as last_nam4_1_ 
    from
        employee employeeen0_ 
    where
        employeeen0_.first_name like ? escape ?
Hibernate: 
    select
        companyent0_.id as id1_0_0_,
        companyent0_.name as name2_0_0_ 
    from
        company companyent0_ 
    where
        companyent0_.id=?
2022-02-22 10:30:44.859  INFO 9048 --- [    Test worker] o.s.t.c.transaction.TransactionContext   : Rolled back transaction for test: [DefaultTestContext@8ed480 testClass = EmployeeRepositoryTest, testInstance = com.dmdev.springboot.lesson.repository.EmployeeRepositoryTest@407f5c8c, testMethod = testFindByFirstName@EmployeeRepositoryTest, testException = [null], mergedContextConfiguration = [MergedContextConfiguration@4c442259 testClass = EmployeeRepositoryTest, locations = '{}', classes = '{class com.dmdev.springboot.lesson.SpringBootLessonApplication}', contextInitializerClasses = '[]', activeProfiles = '{test}', propertySourceLocations = '{}', propertySourceProperties = '{org.springframework.boot.test.context.SpringBootTestContextBootstrapper=true}', contextCustomizers = set[org.springframework.boot.test.autoconfigure.properties.PropertyMappingContextCustomizer@0, org.springframework.boot.test.autoconfigure.web.servlet.WebDriverContextCustomizerFactory$Customizer@6e7ecf23, org.springframework.boot.test.context.filter.ExcludeFilterContextCustomizer@79b95ee6, org.springframework.boot.test.json.DuplicateJsonObjectContextCustomizerFactory$DuplicateJsonObjectContextCustomizer@b9d8fef, org.springframework.boot.test.mock.mockito.MockitoContextCustomizer@0, org.springframework.boot.test.web.client.TestRestTemplateContextCustomizer@68c3b180, org.springframework.boot.test.context.SpringBootTestArgs@1], contextLoader = 'org.springframework.boot.test.context.SpringBootContextLoader', parent = [null]], attributes = map[[empty]]]
]]></system-out>
  <system-err><![CDATA[]]></system-err>
</testsuite>
